Using pre-set license
Built from '2020.3/staging' branch; Version is '2020.3.37f1 (8c66806a0c04) revision 9201280'; Using compiler version '192528614'; Build Type 'Release'
OS: 'Windows 10  (10.0.19045) 64bit Education' Language: 'en' Physical Memory: 32477 MB
BatchMode: 1, IsHumanControllingUs: 0, StartBugReporterOnCrash: 0, Is64bit: 1, IsPro: 0

COMMAND LINE ARGUMENTS:
C:\Program Files\Unity\Hub\Editor\2020.3.37f1\Editor\Unity.exe
-adb2
-batchMode
-noUpm
-name
AssetImportWorker0
-projectPath
E:/VGD/DylanCantu/WarOfTheWest/Q2PMB
-logFile
Logs/AssetImportWorker0.log
-srvPort
50612
Successfully changed project path to: E:/VGD/DylanCantu/WarOfTheWest/Q2PMB
E:/VGD/DylanCantu/WarOfTheWest/Q2PMB
Using Asset Import Pipeline V2.
Refreshing native plugins compatible for Editor in 76.35 ms, found 2 plugins.
Preloading 0 native plugins for Editor in 0.00 ms.
Initialize engine version: 2020.3.37f1 (8c66806a0c04)
[Subsystems] Discovering subsystems at path C:/Program Files/Unity/Hub/Editor/2020.3.37f1/Editor/Data/Resources/UnitySubsystems
[Subsystems] Discovering subsystems at path E:/VGD/DylanCantu/WarOfTheWest/Q2PMB/Assets
GfxDevice: creating device client; threaded=0
Direct3D:
    Version:  Direct3D 11.0 [level 11.1]
    Renderer: NVIDIA GeForce RTX 2060 SUPER (ID=0x1f06)
    Vendor:   
    VRAM:     8019 MB
    Driver:   31.0.15.3619
Initialize mono
Mono path[0] = 'C:/Program Files/Unity/Hub/Editor/2020.3.37f1/Editor/Data/Managed'
Mono path[1] = 'C:/Program Files/Unity/Hub/Editor/2020.3.37f1/Editor/Data/MonoBleedingEdge/lib/mono/unityjit'
Mono config path = 'C:/Program Files/Unity/Hub/Editor/2020.3.37f1/Editor/Data/MonoBleedingEdge/etc'
Using monoOptions --debugger-agent=transport=dt_socket,embedding=1,server=y,suspend=n,address=127.0.0.1:56540
Begin MonoManager ReloadAssembly
Registering precompiled unity dll's ...
Register platform support module: C:/Program Files/Unity/Hub/Editor/2020.3.37f1/Editor/Data/PlaybackEngines/WebGLSupport/UnityEditor.WebGL.Extensions.dll
Register platform support module: C:/Program Files/Unity/Hub/Editor/2020.3.37f1/Editor/Data/PlaybackEngines/WindowsStandaloneSupport/UnityEditor.WindowsStandalone.Extensions.dll
Registered in 0.001747 seconds.
Native extension for WindowsStandalone target not found
Native extension for WebGL target not found
Refreshing native plugins compatible for Editor in 78.73 ms, found 2 plugins.
Preloading 0 native plugins for Editor in 0.00 ms.
Mono: successfully reloaded assembly
- Completed reload, in  0.573 seconds
Domain Reload Profiling:
	ReloadAssembly (573ms)
		BeginReloadAssembly (55ms)
			ExecutionOrderSort (0ms)
			DisableScriptedObjects (0ms)
			BackupInstance (0ms)
			ReleaseScriptingObjects (0ms)
			CreateAndSetChildDomain (1ms)
		EndReloadAssembly (451ms)
			LoadAssemblies (54ms)
			RebuildTransferFunctionScriptingTraits (0ms)
			SetupTypeCache (134ms)
			ReleaseScriptCaches (0ms)
			RebuildScriptCaches (26ms)
			SetupLoadedEditorAssemblies (194ms)
				LogAssemblyErrors (0ms)
				InitializePlatformSupportModulesInManaged (5ms)
				SetLoadedEditorAssemblies (0ms)
				RefreshPlugins (79ms)
				BeforeProcessingInitializeOnLoad (14ms)
				ProcessInitializeOnLoadAttributes (73ms)
				ProcessInitializeOnLoadMethodAttributes (23ms)
				AfterProcessingInitializeOnLoad (0ms)
				EditorAssembliesLoaded (0ms)
			ExecutionOrderSort2 (0ms)
			AwakeInstancesAfterBackupRestoration (0ms)
Platform modules already initialized, skipping
Registering precompiled user dll's ...
Registered in 0.002754 seconds.
Begin MonoManager ReloadAssembly
Native extension for WindowsStandalone target not found
Native extension for WebGL target not found
Refreshing native plugins compatible for Editor in 76.40 ms, found 2 plugins.
Preloading 0 native plugins for Editor in 0.00 ms.
Mono: successfully reloaded assembly
- Completed reload, in  1.838 seconds
Domain Reload Profiling:
	ReloadAssembly (1839ms)
		BeginReloadAssembly (127ms)
			ExecutionOrderSort (0ms)
			DisableScriptedObjects (4ms)
			BackupInstance (0ms)
			ReleaseScriptingObjects (0ms)
			CreateAndSetChildDomain (16ms)
		EndReloadAssembly (1661ms)
			LoadAssemblies (86ms)
			RebuildTransferFunctionScriptingTraits (0ms)
			SetupTypeCache (315ms)
			ReleaseScriptCaches (1ms)
			RebuildScriptCaches (69ms)
			SetupLoadedEditorAssemblies (1084ms)
				LogAssemblyErrors (0ms)
				InitializePlatformSupportModulesInManaged (4ms)
				SetLoadedEditorAssemblies (0ms)
				RefreshPlugins (76ms)
				BeforeProcessingInitializeOnLoad (93ms)
				ProcessInitializeOnLoadAttributes (801ms)
				ProcessInitializeOnLoadMethodAttributes (105ms)
				AfterProcessingInitializeOnLoad (5ms)
				EditorAssembliesLoaded (0ms)
			ExecutionOrderSort2 (0ms)
			AwakeInstancesAfterBackupRestoration (2ms)
Platform modules already initialized, skipping
========================================================================
Worker process is ready to serve import requests
Launched and connected shader compiler UnityShaderCompiler.exe after 0.04 seconds
Refreshing native plugins compatible for Editor in 0.72 ms, found 2 plugins.
Preloading 0 native plugins for Editor in 0.00 ms.
Unloading 4495 Unused Serialized files (Serialized files now loaded: 0)
System memory in use before: 212.8 MB.
System memory in use after: 213.0 MB.

Unloading 19 unused Assets to reduce memory usage. Loaded Objects now: 4937.
Total: 3.407200 ms (FindLiveObjects: 0.304400 ms CreateObjectMapping: 0.230700 ms MarkObjects: 2.791900 ms  DeleteObjects: 0.079400 ms)

AssetImportParameters requested are different than current active one (requested -> active):
  custom:framework-win-MediaFoundation: 216162199b28c13a410421893ffa2e32 -> 
  custom:video-decoder-ogg-theora: a1e56fd34408186e4bbccfd4996cb3dc -> 
  custom:container-muxer-webm: aa71ff27fc2769a1b78a27578f13a17b -> 
  custom:container-demuxer-webm: 4f35f7cbe854078d1ac9338744f61a02 -> 
  custom:container-demuxer-ogg: 62fdf1f143b41e24485cea50d1cbac27 -> 
  custom:video-encoder-webm-vp8: eb34c28f22e8b96e1ab97ce403110664 -> 
  custom:video-decoder-webm-vp8: 9c59270c3fd7afecdb556c50c9e8de78 -> 
  custom:audio-decoder-ogg-vorbis: bf7c407c2cedff20999df2af8eb42d56 -> 
  custom:audio-encoder-webm-vorbis: bf7c407c2cedff20999df2af8eb42d56 -> 
========================================================================
Received Import Request.
  path: Assets/Dylan/ShopPlaceholder.blend
  artifactKey: Guid(4342d1cd73bcf1840b89811cb3da6a66) Importer(815301076,1909f56bfc062723c751e8b465ee728b)
Start importing Assets/Dylan/ShopPlaceholder.blend using Guid(4342d1cd73bcf1840b89811cb3da6a66) Importer(815301076,1909f56bfc062723c751e8b465ee728b) Launched and connected shader compiler UnityShaderCompiler.exe after 0.04 seconds
Launched and connected shader compiler UnityShaderCompiler.exe after 0.04 seconds
Launched and connected shader compiler UnityShaderCompiler.exe after 0.04 seconds
Launched and connected shader compiler UnityShaderCompiler.exe after 0.05 seconds
Launched and connected shader compiler UnityShaderCompiler.exe after 0.06 seconds
Launched and connected shader compiler UnityShaderCompiler.exe after 0.06 seconds
Launched and connected shader compiler UnityShaderCompiler.exe after 0.07 seconds
Launched and connected shader compiler UnityShaderCompiler.exe after 0.10 seconds
Launched and connected shader compiler UnityShaderCompiler.exe after 0.10 seconds
Launched and connected shader compiler UnityShaderCompiler.exe after 0.10 seconds
Launched and connected shader compiler UnityShaderCompiler.exe after 0.10 seconds
Launched and connected shader compiler UnityShaderCompiler.exe after 0.11 seconds
Launched and connected shader compiler UnityShaderCompiler.exe after 0.17 seconds
Launched and connected shader compiler UnityShaderCompiler.exe after 0.14 seconds
Launched and connected shader compiler UnityShaderCompiler.exe after 0.24 seconds
 -> (artifact id: 'e4883f257b590227a08c4658cbf4c086') in 27.747595 seconds 
========================================================================
Received Import Request.
  Time since last request: 0.000195 seconds.
  path: Assets/Dylan/Corner1.prefab
  artifactKey: Guid(9041e46ad0128204e97d1fdeffd903ff) Importer(815301076,1909f56bfc062723c751e8b465ee728b)
Start importing Assets/Dylan/Corner1.prefab using Guid(9041e46ad0128204e97d1fdeffd903ff) Importer(815301076,1909f56bfc062723c751e8b465ee728b)  -> (artifact id: 'e552f83b88b99348dd94d63a1df73f21') in 0.021766 seconds 
========================================================================
Received Import Request.
  Time since last request: 0.000182 seconds.
  path: Assets/Dylan/CrateWallPlaceholder.blend
  artifactKey: Guid(737da747a2115404ea3820f79820d427) Importer(815301076,1909f56bfc062723c751e8b465ee728b)
Start importing Assets/Dylan/CrateWallPlaceholder.blend using Guid(737da747a2115404ea3820f79820d427) Importer(815301076,1909f56bfc062723c751e8b465ee728b)  -> (artifact id: 'a3e394c8c0569ba092610f361ba3afa6') in 0.766150 seconds 
========================================================================
Received Import Request.
  Time since last request: 0.000162 seconds.
  path: Assets/Dylan/ShopCornerPlaceholder.blend
  artifactKey: Guid(219f1110f4708424991a8cc4b5e3a843) Importer(815301076,1909f56bfc062723c751e8b465ee728b)
Start importing Assets/Dylan/ShopCornerPlaceholder.blend using Guid(219f1110f4708424991a8cc4b5e3a843) Importer(815301076,1909f56bfc062723c751e8b465ee728b)  -> (artifact id: '18937a2fe3d9275a3cd31f480d83c40a') in 0.030649 seconds 
========================================================================
Received Import Request.
  Time since last request: 0.000194 seconds.
  path: Assets/Dylan/DylanScene.unity
  artifactKey: Guid(08885ec495bf42d48b3afd442276955d) Importer(815301076,1909f56bfc062723c751e8b465ee728b)
Start importing Assets/Dylan/DylanScene.unity using Guid(08885ec495bf42d48b3afd442276955d) Importer(815301076,1909f56bfc062723c751e8b465ee728b)  -> (artifact id: '1a1228c6d7f6264c6d520888a924ab0b') in 0.007960 seconds 
========================================================================
Received Import Request.
  Time since last request: 0.000215 seconds.
  path: Assets/Dylan/Corner3.prefab
  artifactKey: Guid(cbe8a84458a480946b02fb546a9c77b2) Importer(815301076,1909f56bfc062723c751e8b465ee728b)
Start importing Assets/Dylan/Corner3.prefab using Guid(cbe8a84458a480946b02fb546a9c77b2) Importer(815301076,1909f56bfc062723c751e8b465ee728b)  -> (artifact id: 'c94e13bd2192e86ae0f00bec0d0eceea') in 0.018739 seconds 
========================================================================
Received Import Request.
  Time since last request: 0.000204 seconds.
  path: Assets/Dylan/CartPlaceholder.blend
  artifactKey: Guid(11bab7cf939309e4eb38241bf1b3fb68) Importer(815301076,1909f56bfc062723c751e8b465ee728b)
Start importing Assets/Dylan/CartPlaceholder.blend using Guid(11bab7cf939309e4eb38241bf1b3fb68) Importer(815301076,1909f56bfc062723c751e8b465ee728b)  -> (artifact id: '068b2de4e19a3a78ed45684b0bc80f4d') in 0.115076 seconds 
========================================================================
Received Import Request.
  Time since last request: 0.000216 seconds.
  path: Assets/Dylan/ShopReverseCornerPlaceholder.blend
  artifactKey: Guid(8460b6bf3c891274b896bd0d0bcc06e6) Importer(815301076,1909f56bfc062723c751e8b465ee728b)
Start importing Assets/Dylan/ShopReverseCornerPlaceholder.blend using Guid(8460b6bf3c891274b896bd0d0bcc06e6) Importer(815301076,1909f56bfc062723c751e8b465ee728b)  -> (artifact id: '54f3965536d770e47c0e624fbca65a1f') in 0.060195 seconds 
========================================================================
Received Import Request.
  Time since last request: 0.000185 seconds.
  path: Assets/Dylan/Corner2.prefab
  artifactKey: Guid(f200f65ae96700c4db0eaff21662ccc7) Importer(815301076,1909f56bfc062723c751e8b465ee728b)
Start importing Assets/Dylan/Corner2.prefab using Guid(f200f65ae96700c4db0eaff21662ccc7) Importer(815301076,1909f56bfc062723c751e8b465ee728b)  -> (artifact id: '4e9ea4315079c3e0516732e79c7c6ccf') in 0.018661 seconds 
========================================================================
Received Import Request.
  Time since last request: 0.000186 seconds.
  path: Assets/Dylan/Blank.mat
  artifactKey: Guid(053f0b56eab61634f9a4895e8fa4ed59) Importer(815301076,1909f56bfc062723c751e8b465ee728b)
Start importing Assets/Dylan/Blank.mat using Guid(053f0b56eab61634f9a4895e8fa4ed59) Importer(815301076,1909f56bfc062723c751e8b465ee728b)  -> (artifact id: 'c8db05a299ce2d5460a4562ab7d93e41') in 0.023990 seconds 
========================================================================
Received Import Request.
  Time since last request: 0.000203 seconds.
  path: Assets/Dylan/Corner4.prefab
  artifactKey: Guid(e6b59495d554e0f4180f43e0de936d4b) Importer(815301076,1909f56bfc062723c751e8b465ee728b)
Start importing Assets/Dylan/Corner4.prefab using Guid(e6b59495d554e0f4180f43e0de936d4b) Importer(815301076,1909f56bfc062723c751e8b465ee728b)  -> (artifact id: 'e6a6c4cf428f4d60908bc64c421fa606') in 0.018855 seconds 
========================================================================
Received Import Request.
  Time since last request: 0.000194 seconds.
  path: Assets/Dylan/Blender1x1x1Reference.blend
  artifactKey: Guid(b51cb3d4021fe6e48b17c12b15e15792) Importer(815301076,1909f56bfc062723c751e8b465ee728b)
Start importing Assets/Dylan/Blender1x1x1Reference.blend using Guid(b51cb3d4021fe6e48b17c12b15e15792) Importer(815301076,1909f56bfc062723c751e8b465ee728b)  -> (artifact id: '0c3ee8a7461d778f372c3e52b469d54f') in 0.032444 seconds 
========================================================================
Received Import Request.
  Time since last request: 2872.165386 seconds.
  path: Assets/Dylan
  artifactKey: Guid(2936c373ae584ca46a870f121317956e) Importer(815301076,1909f56bfc062723c751e8b465ee728b)
Start importing Assets/Dylan using Guid(2936c373ae584ca46a870f121317956e) Importer(815301076,1909f56bfc062723c751e8b465ee728b)  -> (artifact id: '03a0860d56d17ce775e059c4ab77eb22') in 0.007125 seconds 
========================================================================
Received Import Request.
  Time since last request: 10.856149 seconds.
  path: Assets/Dylan/Saloon.blend
  artifactKey: Guid(f3a1c89eda9d3c743b404710ef28648d) Importer(815301076,1909f56bfc062723c751e8b465ee728b)
Start importing Assets/Dylan/Saloon.blend using Guid(f3a1c89eda9d3c743b404710ef28648d) Importer(815301076,1909f56bfc062723c751e8b465ee728b)  -> (artifact id: 'a1e83bf7611dc93ce354d0e058d11bd2') in 0.039259 seconds 
========================================================================
Received Prepare
Registering precompiled user dll's ...
Registered in 0.002830 seconds.
Begin MonoManager ReloadAssembly
Native extension for WindowsStandalone target not found
Native extension for WebGL target not found
Refreshing native plugins compatible for Editor in 0.68 ms, found 2 plugins.
Preloading 0 native plugins for Editor in 0.00 ms.
Mono: successfully reloaded assembly
- Completed reload, in  1.396 seconds
Domain Reload Profiling:
	ReloadAssembly (1396ms)
		BeginReloadAssembly (169ms)
			ExecutionOrderSort (0ms)
			DisableScriptedObjects (29ms)
			BackupInstance (0ms)
			ReleaseScriptingObjects (0ms)
			CreateAndSetChildDomain (43ms)
		EndReloadAssembly (1182ms)
			LoadAssemblies (82ms)
			RebuildTransferFunctionScriptingTraits (0ms)
			SetupTypeCache (285ms)
			ReleaseScriptCaches (2ms)
			RebuildScriptCaches (57ms)
			SetupLoadedEditorAssemblies (499ms)
				LogAssemblyErrors (0ms)
				InitializePlatformSupportModulesInManaged (4ms)
				SetLoadedEditorAssemblies (0ms)
				RefreshPlugins (1ms)
				BeforeProcessingInitializeOnLoad (80ms)
				ProcessInitializeOnLoadAttributes (398ms)
				ProcessInitializeOnLoadMethodAttributes (11ms)
				AfterProcessingInitializeOnLoad (5ms)
				EditorAssembliesLoaded (0ms)
			ExecutionOrderSort2 (0ms)
			AwakeInstancesAfterBackupRestoration (4ms)
Platform modules already initialized, skipping
Refreshing native plugins compatible for Editor in 0.67 ms, found 2 plugins.
Preloading 0 native plugins for Editor in 0.00 ms.
Unloading 4211 Unused Serialized files (Serialized files now loaded: 0)
System memory in use before: 214.2 MB.
System memory in use after: 214.4 MB.

Unloading 14 unused Assets to reduce memory usage. Loaded Objects now: 5114.
Total: 4.069700 ms (FindLiveObjects: 0.315200 ms CreateObjectMapping: 0.202600 ms MarkObjects: 3.502000 ms  DeleteObjects: 0.049400 ms)

AssetImportParameters requested are different than current active one (requested -> active):
  custom:framework-win-MediaFoundation: 216162199b28c13a410421893ffa2e32 -> 
  custom:video-decoder-ogg-theora: a1e56fd34408186e4bbccfd4996cb3dc -> 
  custom:container-muxer-webm: aa71ff27fc2769a1b78a27578f13a17b -> 
  custom:container-demuxer-webm: 4f35f7cbe854078d1ac9338744f61a02 -> 
  custom:container-demuxer-ogg: 62fdf1f143b41e24485cea50d1cbac27 -> 
  custom:video-encoder-webm-vp8: eb34c28f22e8b96e1ab97ce403110664 -> 
  custom:video-decoder-webm-vp8: 9c59270c3fd7afecdb556c50c9e8de78 -> 
  custom:audio-decoder-ogg-vorbis: bf7c407c2cedff20999df2af8eb42d56 -> 
  custom:audio-encoder-webm-vorbis: bf7c407c2cedff20999df2af8eb42d56 -> 
========================================================================
Received Prepare
Registering precompiled user dll's ...
Registered in 0.002655 seconds.
Begin MonoManager ReloadAssembly
Native extension for WindowsStandalone target not found
Native extension for WebGL target not found
Refreshing native plugins compatible for Editor in 0.77 ms, found 2 plugins.
Preloading 0 native plugins for Editor in 0.00 ms.
Mono: successfully reloaded assembly
- Completed reload, in  1.358 seconds
Domain Reload Profiling:
	ReloadAssembly (1358ms)
		BeginReloadAssembly (112ms)
			ExecutionOrderSort (0ms)
			DisableScriptedObjects (4ms)
			BackupInstance (0ms)
			ReleaseScriptingObjects (0ms)
			CreateAndSetChildDomain (37ms)
		EndReloadAssembly (1198ms)
			LoadAssemblies (87ms)
			RebuildTransferFunctionScriptingTraits (0ms)
			SetupTypeCache (311ms)
			ReleaseScriptCaches (2ms)
			RebuildScriptCaches (59ms)
			SetupLoadedEditorAssemblies (542ms)
				LogAssemblyErrors (0ms)
				InitializePlatformSupportModulesInManaged (4ms)
				SetLoadedEditorAssemblies (0ms)
				RefreshPlugins (1ms)
				BeforeProcessingInitializeOnLoad (85ms)
				ProcessInitializeOnLoadAttributes (434ms)
				ProcessInitializeOnLoadMethodAttributes (12ms)
				AfterProcessingInitializeOnLoad (5ms)
				EditorAssembliesLoaded (0ms)
			ExecutionOrderSort2 (0ms)
			AwakeInstancesAfterBackupRestoration (11ms)
Platform modules already initialized, skipping
Refreshing native plugins compatible for Editor in 0.71 ms, found 2 plugins.
Preloading 0 native plugins for Editor in 0.00 ms.
Unloading 4197 Unused Serialized files (Serialized files now loaded: 0)
System memory in use before: 213.4 MB.
System memory in use after: 213.7 MB.

Unloading 14 unused Assets to reduce memory usage. Loaded Objects now: 5117.
Total: 3.852500 ms (FindLiveObjects: 0.315500 ms CreateObjectMapping: 0.241200 ms MarkObjects: 3.230200 ms  DeleteObjects: 0.064500 ms)

AssetImportParameters requested are different than current active one (requested -> active):
  custom:framework-win-MediaFoundation: 216162199b28c13a410421893ffa2e32 -> 
  custom:video-decoder-ogg-theora: a1e56fd34408186e4bbccfd4996cb3dc -> 
  custom:container-muxer-webm: aa71ff27fc2769a1b78a27578f13a17b -> 
  custom:container-demuxer-webm: 4f35f7cbe854078d1ac9338744f61a02 -> 
  custom:container-demuxer-ogg: 62fdf1f143b41e24485cea50d1cbac27 -> 
  custom:video-encoder-webm-vp8: eb34c28f22e8b96e1ab97ce403110664 -> 
  custom:video-decoder-webm-vp8: 9c59270c3fd7afecdb556c50c9e8de78 -> 
  custom:audio-decoder-ogg-vorbis: bf7c407c2cedff20999df2af8eb42d56 -> 
  custom:audio-encoder-webm-vorbis: bf7c407c2cedff20999df2af8eb42d56 -> 
========================================================================
Received Prepare
Registering precompiled user dll's ...
Registered in 0.002562 seconds.
Begin MonoManager ReloadAssembly
Native extension for WindowsStandalone target not found
Native extension for WebGL target not found
Refreshing native plugins compatible for Editor in 0.71 ms, found 2 plugins.
Preloading 0 native plugins for Editor in 0.00 ms.
Mono: successfully reloaded assembly
- Completed reload, in  1.233 seconds
Domain Reload Profiling:
	ReloadAssembly (1233ms)
		BeginReloadAssembly (113ms)
			ExecutionOrderSort (0ms)
			DisableScriptedObjects (5ms)
			BackupInstance (0ms)
			ReleaseScriptingObjects (0ms)
			CreateAndSetChildDomain (35ms)
		EndReloadAssembly (1068ms)
			LoadAssemblies (90ms)
			RebuildTransferFunctionScriptingTraits (0ms)
			SetupTypeCache (307ms)
			ReleaseScriptCaches (2ms)
			RebuildScriptCaches (59ms)
			SetupLoadedEditorAssemblies (440ms)
				LogAssemblyErrors (0ms)
				InitializePlatformSupportModulesInManaged (4ms)
				SetLoadedEditorAssemblies (0ms)
				RefreshPlugins (1ms)
				BeforeProcessingInitializeOnLoad (92ms)
				ProcessInitializeOnLoadAttributes (326ms)
				ProcessInitializeOnLoadMethodAttributes (12ms)
				AfterProcessingInitializeOnLoad (5ms)
				EditorAssembliesLoaded (0ms)
			ExecutionOrderSort2 (0ms)
			AwakeInstancesAfterBackupRestoration (11ms)
Platform modules already initialized, skipping
Refreshing native plugins compatible for Editor in 0.71 ms, found 2 plugins.
Preloading 0 native plugins for Editor in 0.00 ms.
Unloading 4197 Unused Serialized files (Serialized files now loaded: 0)
System memory in use before: 213.5 MB.
System memory in use after: 213.7 MB.

Unloading 14 unused Assets to reduce memory usage. Loaded Objects now: 5120.
Total: 3.629400 ms (FindLiveObjects: 0.341100 ms CreateObjectMapping: 0.237800 ms MarkObjects: 2.992300 ms  DeleteObjects: 0.057000 ms)

AssetImportParameters requested are different than current active one (requested -> active):
  custom:framework-win-MediaFoundation: 216162199b28c13a410421893ffa2e32 -> 
  custom:video-decoder-ogg-theora: a1e56fd34408186e4bbccfd4996cb3dc -> 
  custom:container-muxer-webm: aa71ff27fc2769a1b78a27578f13a17b -> 
  custom:container-demuxer-webm: 4f35f7cbe854078d1ac9338744f61a02 -> 
  custom:container-demuxer-ogg: 62fdf1f143b41e24485cea50d1cbac27 -> 
  custom:video-encoder-webm-vp8: eb34c28f22e8b96e1ab97ce403110664 -> 
  custom:video-decoder-webm-vp8: 9c59270c3fd7afecdb556c50c9e8de78 -> 
  custom:audio-decoder-ogg-vorbis: bf7c407c2cedff20999df2af8eb42d56 -> 
  custom:audio-encoder-webm-vorbis: bf7c407c2cedff20999df2af8eb42d56 -> 
========================================================================
Received Prepare
Registering precompiled user dll's ...
Registered in 0.002446 seconds.
Begin MonoManager ReloadAssembly
Native extension for WindowsStandalone target not found
Native extension for WebGL target not found
Refreshing native plugins compatible for Editor in 0.84 ms, found 2 plugins.
Preloading 0 native plugins for Editor in 0.00 ms.
Mono: successfully reloaded assembly
- Completed reload, in 11.458 seconds
Domain Reload Profiling:
	ReloadAssembly (11458ms)
		BeginReloadAssembly (3196ms)
			ExecutionOrderSort (0ms)
			DisableScriptedObjects (4ms)
			BackupInstance (0ms)
			ReleaseScriptingObjects (0ms)
			CreateAndSetChildDomain (34ms)
		EndReloadAssembly (8215ms)
			LoadAssemblies (7556ms)
			RebuildTransferFunctionScriptingTraits (0ms)
			SetupTypeCache (998ms)
			ReleaseScriptCaches (2ms)
			RebuildScriptCaches (55ms)
			SetupLoadedEditorAssemblies (2345ms)
				LogAssemblyErrors (0ms)
				InitializePlatformSupportModulesInManaged (4ms)
				SetLoadedEditorAssemblies (0ms)
				RefreshPlugins (1ms)
				BeforeProcessingInitializeOnLoad (79ms)
				ProcessInitializeOnLoadAttributes (1541ms)
				ProcessInitializeOnLoadMethodAttributes (715ms)
				AfterProcessingInitializeOnLoad (5ms)
				EditorAssembliesLoaded (0ms)
			ExecutionOrderSort2 (0ms)
			AwakeInstancesAfterBackupRestoration (10ms)
Platform modules already initialized, skipping
Refreshing native plugins compatible for Editor in 0.70 ms, found 2 plugins.
Preloading 0 native plugins for Editor in 0.00 ms.
Unloading 4197 Unused Serialized files (Serialized files now loaded: 0)
System memory in use before: 213.5 MB.
System memory in use after: 213.7 MB.

Unloading 14 unused Assets to reduce memory usage. Loaded Objects now: 5123.
Total: 4.144000 ms (FindLiveObjects: 0.331800 ms CreateObjectMapping: 0.203000 ms MarkObjects: 3.542800 ms  DeleteObjects: 0.065500 ms)

AssetImportParameters requested are different than current active one (requested -> active):
  custom:framework-win-MediaFoundation: 216162199b28c13a410421893ffa2e32 -> 
  custom:video-decoder-ogg-theora: a1e56fd34408186e4bbccfd4996cb3dc -> 
  custom:container-muxer-webm: aa71ff27fc2769a1b78a27578f13a17b -> 
  custom:container-demuxer-webm: 4f35f7cbe854078d1ac9338744f61a02 -> 
  custom:container-demuxer-ogg: 62fdf1f143b41e24485cea50d1cbac27 -> 
  custom:video-encoder-webm-vp8: eb34c28f22e8b96e1ab97ce403110664 -> 
  custom:video-decoder-webm-vp8: 9c59270c3fd7afecdb556c50c9e8de78 -> 
  custom:audio-decoder-ogg-vorbis: bf7c407c2cedff20999df2af8eb42d56 -> 
  custom:audio-encoder-webm-vorbis: bf7c407c2cedff20999df2af8eb42d56 -> 
========================================================================
Received Import Request.
  Time since last request: 3157.779444 seconds.
  path: Assets/Dylan/Bar1.blend
  artifactKey: Guid(0eb5f56e6473ae24084e1e9150a08793) Importer(815301076,1909f56bfc062723c751e8b465ee728b)
Start importing Assets/Dylan/Bar1.blend using Guid(0eb5f56e6473ae24084e1e9150a08793) Importer(815301076,1909f56bfc062723c751e8b465ee728b)  -> (artifact id: '05c7cab7ad03e1a0e4dab55c97c68065') in 0.667387 seconds 
========================================================================
Received Import Request.
  Time since last request: 159.831976 seconds.
  path: Assets/Dylan/Bar1.blend
  artifactKey: Guid(0eb5f56e6473ae24084e1e9150a08793) Importer(815301076,1909f56bfc062723c751e8b465ee728b)
Start importing Assets/Dylan/Bar1.blend using Guid(0eb5f56e6473ae24084e1e9150a08793) Importer(815301076,1909f56bfc062723c751e8b465ee728b)  -> (artifact id: '7e3e5b4d6491229b0b96dec5df4570a0') in 0.034653 seconds 
========================================================================
Received Import Request.
  Time since last request: 789.259963 seconds.
  path: Assets/Dylan/Bar1.blend
  artifactKey: Guid(0eb5f56e6473ae24084e1e9150a08793) Importer(815301076,1909f56bfc062723c751e8b465ee728b)
Start importing Assets/Dylan/Bar1.blend using Guid(0eb5f56e6473ae24084e1e9150a08793) Importer(815301076,1909f56bfc062723c751e8b465ee728b)  -> (artifact id: '6d8653b0b2d4dd187c7b4f27675baa77') in 0.074066 seconds 
AssetImportWorkerClient::OnTransportError - code=2 error=End of file
